2025-04-22 14:29:01,175 - src.utils.model_utils - ERROR - Error loading model artifacts: [Errno 2] No such file or directory: 'models\\trained\\model_ensemble.pkl'
2025-04-22 14:29:04,661 - src.utils.model_utils - ERROR - Error loading model artifacts: [Errno 2] No such file or directory: 'models\\trained\\model_ensemble.pkl'
2025-04-22 14:29:07,472 - src.utils.model_utils - ERROR - Error loading model artifacts: [Errno 2] No such file or directory: 'models\\trained\\model_ensemble.pkl'
2025-04-22 14:29:11,694 - src.utils.model_utils - ERROR - Error loading model artifacts: [Errno 2] No such file or directory: 'models\\trained\\model_ensemble.pkl'
2025-04-22 14:30:37,662 - src.utils.model_utils - INFO - Model trained and saved successfully
2025-04-22 14:30:37,667 - src.utils.model_utils - INFO - Loaded model artifacts from models\trained
2025-04-22 14:30:47,860 - src.utils.model_utils - INFO - Loaded model artifacts from models\trained
2025-04-22 14:31:07,807 - src.utils.model_utils - INFO - Loaded model artifacts from models\trained
2025-04-22 14:31:55,227 - src.utils.model_utils - INFO - Loaded model artifacts from models\trained
2025-04-22 14:31:57,608 - src.utils.model_utils - INFO - Loaded model artifacts from models\trained
2025-04-22 14:32:15,989 - src.utils.model_utils - INFO - Loaded model artifacts from models\trained
2025-04-22 14:32:21,115 - src.utils.model_utils - INFO - Loaded model artifacts from models\trained
2025-04-22 14:32:27,950 - src.utils.model_utils - INFO - Loaded model artifacts from models\trained
2025-04-22 14:32:33,380 - src.utils.model_utils - INFO - Loaded model artifacts from models\trained
2025-04-22 14:32:36,741 - src.utils.model_utils - INFO - Loaded model artifacts from models\trained
2025-04-22 14:32:42,926 - src.utils.model_utils - INFO - Loaded model artifacts from models\trained
2025-04-22 14:32:46,004 - src.utils.model_utils - INFO - Loaded model artifacts from models\trained
2025-04-22 14:32:49,563 - src.utils.model_utils - INFO - Loaded model artifacts from models\trained
2025-04-22 14:32:53,390 - src.utils.model_utils - INFO - Loaded model artifacts from models\trained
2025-04-22 14:33:00,572 - src.utils.model_utils - INFO - Loaded model artifacts from models\trained
2025-04-22 14:33:05,795 - src.utils.model_utils - INFO - Loaded model artifacts from models\trained
2025-04-22 14:33:12,252 - src.utils.model_utils - INFO - Loaded model artifacts from models\trained
2025-04-22 14:33:19,348 - src.utils.model_utils - INFO - Loaded model artifacts from models\trained
2025-04-22 14:33:33,300 - src.utils.model_utils - INFO - Loaded model artifacts from models\trained
2025-04-22 14:33:39,146 - src.utils.model_utils - INFO - Loaded model artifacts from models\trained
2025-04-22 14:33:42,358 - src.utils.model_utils - INFO - Loaded model artifacts from models\trained
2025-04-22 14:34:06,231 - src.utils.model_utils - INFO - Loaded model artifacts from models\trained
2025-04-22 14:41:50,941 - src.utils.model_utils - INFO - Loaded model artifacts from models\trained
2025-04-22 14:42:01,693 - src.utils.model_utils - INFO - Loaded model artifacts from models\trained
2025-04-22 14:42:08,303 - src.utils.model_utils - INFO - Loaded model artifacts from models\trained
2025-04-22 14:42:13,903 - src.utils.model_utils - INFO - Loaded model artifacts from models\trained
2025-04-22 14:42:20,951 - src.utils.model_utils - INFO - Loaded model artifacts from models\trained
2025-04-22 14:42:25,245 - src.utils.model_utils - INFO - Loaded model artifacts from models\trained
2025-04-22 14:42:26,689 - src.utils.model_utils - INFO - Loaded model artifacts from models\trained
2025-04-22 14:42:31,694 - src.utils.model_utils - INFO - Loaded model artifacts from models\trained
2025-04-22 14:42:38,093 - src.utils.model_utils - INFO - Loaded model artifacts from models\trained
2025-04-22 14:43:21,738 - src.utils.model_utils - INFO - Loaded model artifacts from models\trained
2025-04-22 14:44:31,866 - src.utils.model_utils - INFO - Loaded model artifacts from models\trained
2025-04-22 14:45:21,984 - src.utils.model_utils - INFO - Loaded model artifacts from models\trained
2025-04-22 14:46:32,055 - src.utils.model_utils - INFO - Loaded model artifacts from models\trained
2025-04-22 14:47:17,675 - src.utils.model_utils - INFO - Loaded model artifacts from models\trained
2025-04-22 14:47:20,187 - src.utils.model_utils - INFO - Loaded model artifacts from models\trained
2025-04-22 14:47:51,170 - src.utils.model_utils - INFO - Loaded model artifacts from models\trained
2025-04-22 14:49:14,821 - src.utils.model_utils - INFO - Loaded model artifacts from models\trained
2025-04-22 14:50:53,988 - src.utils.model_utils - INFO - Loaded model artifacts from models\trained
2025-04-22 14:54:10,996 - src.utils.model_utils - INFO - Loaded model artifacts from models\trained
2025-04-22 14:54:12,757 - src.utils.model_utils - INFO - Loaded model artifacts from models\trained
2025-04-22 14:55:08,486 - src.utils.model_utils - INFO - Loaded model artifacts from models\trained
2025-04-22 14:56:44,325 - src.utils.model_utils - INFO - Loaded model artifacts from models\trained
2025-04-22 14:56:47,705 - src.utils.model_utils - INFO - Loaded model artifacts from models\trained
2025-04-22 14:58:07,034 - src.utils.model_utils - INFO - Loaded model artifacts from models\trained
2025-04-22 14:58:11,603 - src.utils.model_utils - INFO - Loaded model artifacts from models\trained
2025-04-22 14:58:20,066 - src.utils.model_utils - INFO - Loaded model artifacts from models\trained
2025-04-22 14:58:25,745 - src.utils.model_utils - INFO - Loaded model artifacts from models\trained
2025-04-22 14:58:46,573 - src.utils.model_utils - INFO - Loaded model artifacts from models\trained
2025-04-22 15:00:33,989 - src.utils.model_utils - INFO - Loaded model artifacts from models\trained
2025-04-22 15:01:10,648 - src.utils.model_utils - INFO - Loaded model artifacts from models\trained
2025-04-22 15:01:13,157 - src.utils.model_utils - INFO - Loaded model artifacts from models\trained
2025-04-22 15:04:17,907 - src.utils.model_utils - INFO - Loaded model artifacts from models\trained
2025-04-22 15:04:20,396 - src.utils.model_utils - INFO - Loaded model artifacts from models\trained
2025-04-22 15:04:36,171 - src.utils.model_utils - INFO - Loaded model artifacts from models\trained
2025-04-22 15:04:41,818 - src.utils.model_utils - INFO - Loaded model artifacts from models\trained
2025-04-22 15:04:49,917 - src.utils.model_utils - INFO - Loaded model artifacts from models\trained
2025-04-22 15:04:54,171 - src.utils.model_utils - INFO - Loaded model artifacts from models\trained
2025-04-22 15:04:58,279 - src.utils.model_utils - INFO - Loaded model artifacts from models\trained
2025-04-22 15:05:02,196 - src.utils.model_utils - INFO - Loaded model artifacts from models\trained
2025-04-22 15:05:09,001 - src.utils.model_utils - INFO - Loaded model artifacts from models\trained
2025-04-22 15:05:13,237 - src.utils.model_utils - INFO - Loaded model artifacts from models\trained
2025-04-22 15:05:16,890 - src.utils.model_utils - INFO - Loaded model artifacts from models\trained
2025-04-22 15:05:20,966 - src.utils.model_utils - INFO - Loaded model artifacts from models\trained
2025-04-22 15:05:50,796 - src.utils.model_utils - INFO - Loaded model artifacts from models\trained
2025-04-22 15:05:55,527 - src.utils.model_utils - INFO - Loaded model artifacts from models\trained
2025-04-22 15:05:59,046 - src.utils.model_utils - INFO - Loaded model artifacts from models\trained
2025-04-22 15:06:15,886 - src.utils.model_utils - INFO - Loaded model artifacts from models\trained
2025-04-22 15:06:18,531 - src.utils.model_utils - INFO - Loaded model artifacts from models\trained
2025-04-22 15:06:23,167 - src.utils.model_utils - INFO - Loaded model artifacts from models\trained
2025-04-22 15:06:40,358 - src.utils.model_utils - INFO - Loaded model artifacts from models\trained
2025-04-22 15:06:50,585 - src.utils.model_utils - INFO - Loaded model artifacts from models\trained
2025-04-22 15:06:57,974 - src.utils.model_utils - INFO - Loaded model artifacts from models\trained
2025-04-22 15:07:05,731 - src.utils.model_utils - INFO - Loaded model artifacts from models\trained
2025-04-22 15:07:12,133 - src.utils.model_utils - INFO - Loaded model artifacts from models\trained
2025-04-22 15:07:16,870 - src.utils.model_utils - INFO - Loaded model artifacts from models\trained
2025-04-22 15:07:29,564 - src.utils.model_utils - INFO - Loaded model artifacts from models\trained
2025-04-22 15:07:46,580 - src.utils.model_utils - INFO - Loaded model artifacts from models\trained
2025-04-22 15:08:42,230 - src.utils.model_utils - INFO - Loaded model artifacts from models\trained
2025-04-22 15:11:12,989 - src.utils.model_utils - INFO - Loaded model artifacts from models\trained
2025-04-22 15:15:21,331 - src.utils.model_utils - INFO - Loaded model artifacts from models\trained
2025-04-22 15:17:47,182 - src.utils.model_utils - INFO - Loaded model artifacts from models\trained
2025-04-22 15:20:46,990 - src.utils.model_utils - INFO - Loaded model artifacts from models\trained
2025-04-22 15:21:41,490 - src.utils.model_utils - INFO - Loaded model artifacts from models\trained
2025-04-22 15:21:42,948 - src.utils.model_utils - INFO - Loaded model artifacts from models\trained
2025-04-22 16:13:24,881 - src.utils.model_utils - INFO - Loaded model artifacts from models\trained
2025-04-22 16:13:27,208 - src.utils.model_utils - INFO - Loaded model artifacts from models\trained
2025-04-22 16:24:07,866 - src.utils.model_utils - INFO - Loaded model artifacts from models\trained
2025-04-22 16:24:11,537 - src.utils.model_utils - INFO - Loaded model artifacts from models\trained
2025-04-22 21:17:28,200 - src.utils.model_utils - ERROR - Error loading model artifacts: No module named 'numpy._core'
2025-04-22 21:24:12,508 - src.utils.model_utils - ERROR - Error loading model artifacts: No module named 'numpy._core'
2025-04-22 21:25:51,782 - src.utils.model_utils - ERROR - Error loading model artifacts: No module named 'numpy._core'
2025-04-22 21:27:33,336 - src.utils.model_utils - ERROR - Error loading model artifacts: No module named 'numpy._core'
2025-04-23 18:01:20,687 - src.utils.model_utils - INFO - Loaded model artifacts from models\trained
2025-04-23 18:01:24,758 - src.utils.model_utils - INFO - Loaded model artifacts from models\trained
2025-04-23 18:01:42,700 - src.utils.model_utils - INFO - Loaded model artifacts from models\trained
2025-04-24 17:02:44,768 - src.utils.model_utils - INFO - Loaded model artifacts from models\trained
2025-04-24 17:02:47,401 - src.utils.model_utils - INFO - Loaded model artifacts from models\trained
2025-04-24 17:04:25,558 - src.utils.model_utils - INFO - Loaded model artifacts from models\trained
2025-04-24 17:04:34,631 - src.utils.model_utils - INFO - Loaded model artifacts from models\trained
2025-04-24 17:04:45,473 - src.utils.model_utils - INFO - Loaded model artifacts from models\trained
2025-04-24 17:05:00,004 - src.utils.model_utils - INFO - Loaded model artifacts from models\trained
2025-04-24 17:05:14,474 - src.utils.model_utils - INFO - Loaded model artifacts from models\trained
2025-04-24 17:05:19,746 - src.utils.model_utils - INFO - Loaded model artifacts from models\trained
2025-04-24 17:07:33,244 - src.utils.model_utils - INFO - Loaded model artifacts from models\trained
2025-04-24 17:07:37,568 - src.utils.model_utils - INFO - Loaded model artifacts from models\trained
2025-04-24 17:07:58,619 - src.utils.model_utils - INFO - Loaded model artifacts from models\trained
2025-04-24 17:08:52,397 - src.utils.model_utils - INFO - Loaded model artifacts from models\trained
2025-04-24 17:09:00,040 - src.utils.model_utils - INFO - Loaded model artifacts from models\trained
2025-04-27 19:28:59,067 - src.utils.model_utils - INFO - Loaded model artifacts from models\trained
2025-04-27 19:29:00,813 - src.utils.model_utils - INFO - Loaded model artifacts from models\trained
2025-04-27 19:29:14,542 - src.utils.model_utils - INFO - Loaded model artifacts from models\trained
2025-04-27 19:30:05,948 - src.utils.model_utils - INFO - Loaded model artifacts from models\trained
2025-04-27 19:30:07,964 - src.utils.model_utils - INFO - Loaded model artifacts from models\trained
2025-04-27 19:30:47,628 - src.utils.model_utils - INFO - Loaded model artifacts from models\trained
2025-04-27 19:31:18,432 - src.utils.model_utils - INFO - Loaded model artifacts from models\trained
2025-04-27 19:31:21,219 - src.utils.model_utils - INFO - Loaded model artifacts from models\trained
2025-04-27 19:31:30,922 - src.utils.model_utils - INFO - Loaded model artifacts from models\trained
2025-04-27 19:31:38,396 - src.utils.model_utils - INFO - Loaded model artifacts from models\trained
2025-04-27 19:32:01,997 - src.utils.model_utils - INFO - Loaded model artifacts from models\trained
2025-04-29 22:18:22,908 - src.utils.model_utils - ERROR - Error loading model artifacts: [22:18:22] C:\Users\administrator\workspace\xgboost-win64_release_1.6.0\include\xgboost/json.h:79: Invalid cast, from Array to Object
2025-04-29 22:20:34,213 - src.utils.model_utils - ERROR - Error loading model artifacts: No module named 'numpy._core'
2025-04-29 22:23:13,005 - src.utils.model_utils - ERROR - Error loading model artifacts: No module named 'numpy._core'
2025-04-29 22:23:40,800 - src.utils.model_utils - ERROR - Error loading model artifacts: No module named 'numpy._core'
2025-04-29 22:23:53,561 - src.utils.model_utils - ERROR - Error loading model artifacts: No module named 'numpy._core'
2025-04-29 22:24:30,153 - src.utils.model_utils - ERROR - Error loading model artifacts: No module named 'numpy._core'
2025-04-29 22:24:58,202 - src.utils.model_utils - ERROR - Error loading model artifacts: No module named 'numpy._core'
2025-04-29 22:25:30,344 - src.utils.model_utils - ERROR - Error loading model artifacts: No module named 'numpy._core'
2025-04-29 22:26:02,515 - src.utils.model_utils - ERROR - Error loading model artifacts: No module named 'numpy._core'
2025-04-29 22:26:34,683 - src.utils.model_utils - ERROR - Error loading model artifacts: No module named 'numpy._core'
2025-04-29 22:27:06,791 - src.utils.model_utils - ERROR - Error loading model artifacts: No module named 'numpy._core'
2025-04-29 22:28:08,610 - src.utils.model_utils - ERROR - Error loading model artifacts: No module named 'numpy._core'
2025-04-29 22:28:08,610 - src.utils.model_utils - ERROR - Error loading model artifacts: No module named 'numpy._core'
2025-04-29 22:28:38,470 - src.utils.model_utils - ERROR - Error loading model artifacts: No module named 'numpy._core'
2025-04-29 22:29:10,584 - src.utils.model_utils - ERROR - Error loading model artifacts: No module named 'numpy._core'
2025-04-29 22:29:42,724 - src.utils.model_utils - ERROR - Error loading model artifacts: No module named 'numpy._core'
2025-04-29 22:32:02,466 - src.utils.model_utils - INFO - Loaded model artifacts from models\trained
2025-04-29 22:32:09,367 - src.utils.model_utils - INFO - Loaded model artifacts from models\trained
2025-04-29 22:41:26,296 - src.utils.model_utils - INFO - Loaded model artifacts from models\trained
2025-04-29 22:41:29,122 - src.utils.model_utils - INFO - Loaded model artifacts from models\trained
2025-04-29 22:43:26,859 - src.utils.model_utils - INFO - Loaded model artifacts from models\trained
2025-04-30 00:02:24,709 - src.utils.model_utils - INFO - Loaded model artifacts from models\trained
2025-04-30 00:02:47,348 - src.utils.model_utils - INFO - Loaded model artifacts from models\trained
2025-04-30 00:21:52,699 - src.utils.model_utils - INFO - Loaded model artifacts from models\trained
2025-04-30 00:23:15,897 - src.utils.model_utils - INFO - Loaded model artifacts from models\trained
